<?xml version="1.0" encoding="UTF-8"?>
<!-- Generated by org.testng.reporters.JUnitReportReporter -->
<testsuite hostname="Shiv-X542UQ" name="SDETAssignment.AmazonBooks.AmazonBookDetailsAssert" tests="2" failures="0" timestamp="13 Aug 2018 18:48:44 GMT" time="5.448" errors="0">
  <testcase name="searchBar" time="5.383" classname="SDETAssignment.AmazonBooks.AmazonBookDetailsAssert"/>
  <testcase name="displayFirstSearchResult" time="0.065" classname="SDETAssignment.AmazonBooks.AmazonBookDetailsAssert"/>
</testsuite> <!-- SDETAssignment.AmazonBooks.AmazonBookDetailsAssert -->
